<?xml version="1.0" encoding="UTF-8"?>
<!-- Generated by org.testng.reporters.JUnitXMLReporter -->
<testsuite hostname="ivanar" ignored="0" name="Test" tests="1" failures="1" timestamp="2020-04-03T21:05:11 CEST" time="10.008" errors="0">
  <testcase name="logInUser" time="9.957" classname="tests.AuthenticationRegistrationPageTests">
    <failure type="java.lang.NullPointerException">
      <![CDATA[java.lang.NullPointerException
at org.openqa.selenium.support.pagefactory.DefaultElementLocator.findElement(DefaultElementLocator.java:69)
at org.openqa.selenium.support.pagefactory.internal.LocatingElementHandler.invoke(LocatingElementHandler.java:38)
at com.sun.proxy.$Proxy8.isDisplayed(Unknown Source)
at tests.AuthenticationRegistrationPageTests.logInUser(AuthenticationRegistrationPageTests.java:44)
at java.util.ArrayList.forEach(Unknown Source)
... Removed 27 stack frames]]>
    </failure>
  </testcase> <!-- logInUser -->
</testsuite> <!-- Test -->
